<?xml version="1.0" encoding="UTF-8"?>
<testng-results ignored="0" total="1" passed="1" failed="0" skipped="0">
  <reporter-output>
  </reporter-output>
  <suite started-at="2022-12-15T10:17:13Z" name="Suite" finished-at="2022-12-15T10:17:14Z" duration-ms="1386">
    <groups>
    </groups>
    <test started-at="2022-12-15T10:17:13Z" name="Test" finished-at="2022-12-15T10:17:14Z" duration-ms="1386">
      <class name="com.rest.test.GetRequest">
        <test-method signature="getmehtod()[pri:0, instance:com.rest.test.GetRequest@554e218]" started-at="2022-12-15T10:17:13Z" name="getmehtod" finished-at="2022-12-15T10:17:14Z" duration-ms="1352" status="PASS">
          <reporter-output>
          </reporter-output>
        </test-method> <!-- getmehtod -->
      </class> <!-- com.rest.test.GetRequest -->
    </test> <!-- Test -->
  </suite> <!-- Suite -->
</testng-results>
